14-Dec-2017 06:15:41.047 INFO [main] org.apache.catalina.startup.VersionLoggerListener.log Server version:        Apache Tomcat/8.5.24
14-Dec-2017 06:15:41.053 INFO [main] org.apache.catalina.startup.VersionLoggerListener.log Server built:          Nov 27 2017 13:05:30 UTC
14-Dec-2017 06:15:41.053 INFO [main] org.apache.catalina.startup.VersionLoggerListener.log Server number:         8.5.24.0
14-Dec-2017 06:15:41.053 INFO [main] org.apache.catalina.startup.VersionLoggerListener.log OS Name:               Linux
14-Dec-2017 06:15:41.053 INFO [main] org.apache.catalina.startup.VersionLoggerListener.log OS Version:            3.10.0-514.26.2.el7.x86_64
14-Dec-2017 06:15:41.053 INFO [main] org.apache.catalina.startup.VersionLoggerListener.log Architecture:          amd64
14-Dec-2017 06:15:41.053 INFO [main] org.apache.catalina.startup.VersionLoggerListener.log Java Home:             /home/tomcat/jdk1.8.0_151/jre
14-Dec-2017 06:15:41.053 INFO [main] org.apache.catalina.startup.VersionLoggerListener.log JVM Version:           1.8.0_151-b12
14-Dec-2017 06:15:41.054 INFO [main] org.apache.catalina.startup.VersionLoggerListener.log JVM Vendor:            Oracle Corporation
14-Dec-2017 06:15:41.054 INFO [main] org.apache.catalina.startup.VersionLoggerListener.log CATALINA_BASE:         /home/tomcat/tomcatBase
14-Dec-2017 06:15:41.054 INFO [main] org.apache.catalina.startup.VersionLoggerListener.log CATALINA_HOME:         /home/tomcat/apache-tomcat-8.5.24
14-Dec-2017 06:15:41.054 INFO [main] org.apache.catalina.startup.VersionLoggerListener.log Command line argument: -Djava.util.logging.config.file=/home/tomcat/tomcatBase/conf/logging.properties
14-Dec-2017 06:15:41.054 INFO [main] org.apache.catalina.startup.VersionLoggerListener.log Command line argument: -Djava.util.logging.manager=org.apache.juli.ClassLoaderLogManager
14-Dec-2017 06:15:41.054 INFO [main] org.apache.catalina.startup.VersionLoggerListener.log Command line argument: -Djdk.tls.ephemeralDHKeySize=2048
14-Dec-2017 06:15:41.055 INFO [main] org.apache.catalina.startup.VersionLoggerListener.log Command line argument: -Djava.protocol.handler.pkgs=org.apache.catalina.webresources
14-Dec-2017 06:15:41.055 INFO [main] org.apache.catalina.startup.VersionLoggerListener.log Command line argument: -Xms384m
14-Dec-2017 06:15:41.055 INFO [main] org.apache.catalina.startup.VersionLoggerListener.log Command line argument: -Xmx384m
14-Dec-2017 06:15:41.055 INFO [main] org.apache.catalina.startup.VersionLoggerListener.log Command line argument: -XX:NewRatio=1
14-Dec-2017 06:15:41.055 INFO [main] org.apache.catalina.startup.VersionLoggerListener.log Command line argument: -Xss1m
14-Dec-2017 06:15:41.055 INFO [main] org.apache.catalina.startup.VersionLoggerListener.log Command line argument: -XX:SurvivorRatio=6
14-Dec-2017 06:15:41.055 INFO [main] org.apache.catalina.startup.VersionLoggerListener.log Command line argument: -Djdk.nio.maxCachedBufferSize=262144
14-Dec-2017 06:15:41.055 INFO [main] org.apache.catalina.startup.VersionLoggerListener.log Command line argument: -XX:MaxDirectMemorySize=64M
14-Dec-2017 06:15:41.055 INFO [main] org.apache.catalina.startup.VersionLoggerListener.log Command line argument: -XX:+UseCompressedOops
14-Dec-2017 06:15:41.055 INFO [main] org.apache.catalina.startup.VersionLoggerListener.log Command line argument: -XX:+UseCompressedClassPointers
14-Dec-2017 06:15:41.056 INFO [main] org.apache.catalina.startup.VersionLoggerListener.log Command line argument: -XX:CompressedClassSpaceSize=32M
14-Dec-2017 06:15:41.056 INFO [main] org.apache.catalina.startup.VersionLoggerListener.log Command line argument: -XX:MetaspaceSize=64m
14-Dec-2017 06:15:41.056 INFO [main] org.apache.catalina.startup.VersionLoggerListener.log Command line argument: -XX:MaxMetaspaceSize=96m
14-Dec-2017 06:15:41.056 INFO [main] org.apache.catalina.startup.VersionLoggerListener.log Command line argument: -XX:MinMetaspaceExpansion=1M
14-Dec-2017 06:15:41.056 INFO [main] org.apache.catalina.startup.VersionLoggerListener.log Command line argument: -XX:MaxMetaspaceExpansion=8M
14-Dec-2017 06:15:41.056 INFO [main] org.apache.catalina.startup.VersionLoggerListener.log Command line argument: -XX:InitialCodeCacheSize=32M
14-Dec-2017 06:15:41.056 INFO [main] org.apache.catalina.startup.VersionLoggerListener.log Command line argument: -XX:CodeCacheExpansionSize=1M
14-Dec-2017 06:15:41.056 INFO [main] org.apache.catalina.startup.VersionLoggerListener.log Command line argument: -XX:CodeCacheMinimumFreeSpace=1M
14-Dec-2017 06:15:41.056 INFO [main] org.apache.catalina.startup.VersionLoggerListener.log Command line argument: -XX:ReservedCodeCacheSize=64M
14-Dec-2017 06:15:41.057 INFO [main] org.apache.catalina.startup.VersionLoggerListener.log Command line argument: -XX:+PrintGCDetails
14-Dec-2017 06:15:41.057 INFO [main] org.apache.catalina.startup.VersionLoggerListener.log Command line argument: -Xloggc:/home/temp/tomcatBase/logs/gc.log
14-Dec-2017 06:15:41.057 INFO [main] org.apache.catalina.startup.VersionLoggerListener.log Command line argument: -XX:+PrintGCDateStamps
14-Dec-2017 06:15:41.076 INFO [main] org.apache.catalina.startup.VersionLoggerListener.log Command line argument: -XX:+HeapDumpOnOutOfMemoryError
14-Dec-2017 06:15:41.076 INFO [main] org.apache.catalina.startup.VersionLoggerListener.log Command line argument: -XX:HeapDumpPath=/home/temp/tomcatBase/logs/heap.dump
14-Dec-2017 06:15:41.076 INFO [main] org.apache.catalina.startup.VersionLoggerListener.log Command line argument: -Djava.rmi.server.hostname=47.93.238.186
14-Dec-2017 06:15:41.076 INFO [main] org.apache.catalina.startup.VersionLoggerListener.log Command line argument: -Dcom.sun.management.jmxremote
14-Dec-2017 06:15:41.076 INFO [main] org.apache.catalina.startup.VersionLoggerListener.log Command line argument: -Dcom.sun.management.jmxremote.port=1099
14-Dec-2017 06:15:41.076 INFO [main] org.apache.catalina.startup.VersionLoggerListener.log Command line argument: -Dcom.sun.management.jmxremote.port=1099
14-Dec-2017 06:15:41.077 INFO [main] org.apache.catalina.startup.VersionLoggerListener.log Command line argument: -Dcom.sun.management.jmxremote.ssl=false
14-Dec-2017 06:15:41.077 INFO [main] org.apache.catalina.startup.VersionLoggerListener.log Command line argument: -Dcom.sun.management.jmxremote.authenticate=false
14-Dec-2017 06:15:41.077 INFO [main] org.apache.catalina.startup.VersionLoggerListener.log Command line argument: -Dignore.endorsed.dirs=
14-Dec-2017 06:15:41.077 INFO [main] org.apache.catalina.startup.VersionLoggerListener.log Command line argument: -Dcatalina.base=/home/tomcat/tomcatBase
14-Dec-2017 06:15:41.077 INFO [main] org.apache.catalina.startup.VersionLoggerListener.log Command line argument: -Dcatalina.home=/home/tomcat/apache-tomcat-8.5.24
14-Dec-2017 06:15:41.077 INFO [main] org.apache.catalina.startup.VersionLoggerListener.log Command line argument: -Djava.io.tmpdir=/home/tomcat/tomcatBase/temp
14-Dec-2017 06:15:41.077 INFO [main] org.apache.catalina.core.AprLifecycleListener.lifecycleEvent The APR based Apache Tomcat Native library which allows optimal performance in production environments was not found on the java.library.path: [/usr/java/packages/lib/amd64:/usr/lib64:/lib64:/lib:/usr/lib]
14-Dec-2017 06:15:41.290 INFO [main] org.apache.coyote.AbstractProtocol.init Initializing ProtocolHandler ["http-nio-8080"]
14-Dec-2017 06:15:41.306 INFO [main] org.apache.tomcat.util.net.NioSelectorPool.getSharedSelector Using a shared selector for servlet write/read
14-Dec-2017 06:15:41.321 INFO [main] org.apache.coyote.AbstractProtocol.init Initializing ProtocolHandler ["ajp-nio-8009"]
14-Dec-2017 06:15:41.323 INFO [main] org.apache.tomcat.util.net.NioSelectorPool.getSharedSelector Using a shared selector for servlet write/read
14-Dec-2017 06:15:41.328 INFO [main] org.apache.catalina.startup.Catalina.load Initialization processed in 735 ms
14-Dec-2017 06:15:41.365 INFO [main] org.apache.catalina.core.StandardService.startInternal Starting service [Catalina]
14-Dec-2017 06:15:41.365 INFO [main] org.apache.catalina.core.StandardEngine.startInternal Starting Servlet Engine: Apache Tomcat/8.5.24
14-Dec-2017 06:15:41.378 INFO [localhost-startStop-1] org.apache.catalina.startup.HostConfig.deployDirectory Deploying web application directory [/home/tomcat/tomcatBase/webapps/manager]
